tmin, tmax 2025-08-20 10:00:00+00:00 2025-08-20 10:10:00+00:00
timeline [Timestamp('2025-08-20 10:00:00+0000', tz='UTC', freq='10S'), Timestamp('2025-08-20 10:00:10+0000', tz='UTC', freq='10S'), Timestamp('2025-08-20 10:00:20+0000', tz='UTC', freq='10S'), Timestamp('2025-08-20 10:00:30+0000', tz='UTC', freq='10S'), Timestamp('2025-08-20 10:00:40+0000', tz='UTC', freq='10S'), Timestamp('2025-08-20 10:00:50+0000', tz='UTC', freq='10S'), Timestamp('2025-08-20 10:01:00+0000', tz='UTC', freq='10S'), Timestamp('2025-08-20 10:01:10+0000', tz='UTC', freq='10S'), Timestamp('2025-08-20 10:01:20+0000', tz='UTC', freq='10S'), Timestamp('2025-08-20 10:01:30+0000', tz='UTC', freq='10S'), Timestamp('2025-08-20 10:01:40+0000', tz='UTC', freq='10S'), Timestamp('2025-08-20 10:01:50+0000', tz='UTC', freq='10S'), Timestamp('2025-08-20 10:02:00+0000', tz='UTC', freq='10S'), Timestamp('2025-08-20 10:02:10+0000', tz='UTC', freq='10S'), Timestamp('2025-08-20 10:02:20+0000', tz='UTC', freq='10S'), Timestamp('2025-08-20 10:02:30+0000', tz='UTC', freq='10S'), Timestamp('2025-08-20 10:02:40+0000', tz='UTC', freq='10S'), Timestamp('2025-08-20 10:02:50+0000', tz='UTC', freq='10S'), Timestamp('2025-08-20 10:03:00+0000', tz='UTC', freq='10S'), Timestamp('2025-08-20 10:03:10+0000', tz='UTC', freq='10S'), Timestamp('2025-08-20 10:03:20+0000', tz='UTC', freq='10S'), Timestamp('2025-08-20 10:03:30+0000', tz='UTC', freq='10S'), Timestamp('2025-08-20 10:03:40+0000', tz='UTC', freq='10S'), Timestamp('2025-08-20 10:03:50+0000', tz='UTC', freq='10S'), Timestamp('2025-08-20 10:04:00+0000', tz='UTC', freq='10S'), Timestamp('2025-08-20 10:04:10+0000', tz='UTC', freq='10S'), Timestamp('2025-08-20 10:04:20+0000', tz='UTC', freq='10S'), Timestamp('2025-08-20 10:04:30+0000', tz='UTC', freq='10S'), Timestamp('2025-08-20 10:04:40+0000', tz='UTC', freq='10S'), Timestamp('2025-08-20 10:04:50+0000', tz='UTC', freq='10S'), Timestamp('2025-08-20 10:05:00+0000', tz='UTC', freq='10S'), Timestamp('2025-08-20 10:05:10+0000', tz='UTC', freq='10S'), Timestamp('2025-08-20 10:05:20+0000', tz='UTC', freq='10S'), Timestamp('2025-08-20 10:05:30+0000', tz='UTC', freq='10S'), Timestamp('2025-08-20 10:05:40+0000', tz='UTC', freq='10S'), Timestamp('2025-08-20 10:05:50+0000', tz='UTC', freq='10S'), Timestamp('2025-08-20 10:06:00+0000', tz='UTC', freq='10S'), Timestamp('2025-08-20 10:06:10+0000', tz='UTC', freq='10S'), Timestamp('2025-08-20 10:06:20+0000', tz='UTC', freq='10S'), Timestamp('2025-08-20 10:06:30+0000', tz='UTC', freq='10S'), Timestamp('2025-08-20 10:06:40+0000', tz='UTC', freq='10S'), Timestamp('2025-08-20 10:06:50+0000', tz='UTC', freq='10S'), Timestamp('2025-08-20 10:07:00+0000', tz='UTC', freq='10S'), Timestamp('2025-08-20 10:07:10+0000', tz='UTC', freq='10S'), Timestamp('2025-08-20 10:07:20+0000', tz='UTC', freq='10S'), Timestamp('2025-08-20 10:07:30+0000', tz='UTC', freq='10S'), Timestamp('2025-08-20 10:07:40+0000', tz='UTC', freq='10S'), Timestamp('2025-08-20 10:07:50+0000', tz='UTC', freq='10S'), Timestamp('2025-08-20 10:08:00+0000', tz='UTC', freq='10S'), Timestamp('2025-08-20 10:08:10+0000', tz='UTC', freq='10S'), Timestamp('2025-08-20 10:08:20+0000', tz='UTC', freq='10S'), Timestamp('2025-08-20 10:08:30+0000', tz='UTC', freq='10S'), Timestamp('2025-08-20 10:08:40+0000', tz='UTC', freq='10S'), Timestamp('2025-08-20 10:08:50+0000', tz='UTC', freq='10S'), Timestamp('2025-08-20 10:09:00+0000', tz='UTC', freq='10S'), Timestamp('2025-08-20 10:09:10+0000', tz='UTC', freq='10S'), Timestamp('2025-08-20 10:09:20+0000', tz='UTC', freq='10S'), Timestamp('2025-08-20 10:09:30+0000', tz='UTC', freq='10S'), Timestamp('2025-08-20 10:09:40+0000', tz='UTC', freq='10S'), Timestamp('2025-08-20 10:09:50+0000', tz='UTC', freq='10S'), Timestamp('2025-08-20 10:10:00+0000', tz='UTC', freq='10S')]
ops ['A', 'B', 'C']
chat_agg                        bin_ts operator_id                message
0   2025-08-20 10:00:00+00:00           A                    NaN
1   2025-08-20 10:00:00+00:00           B                    NaN
2   2025-08-20 10:00:00+00:00           C                    NaN
3   2025-08-20 10:00:10+00:00           A        received | done
4   2025-08-20 10:00:10+00:00           B  roger | checking logs
..                        ...         ...                    ...
178 2025-08-20 10:09:50+00:00           B                    NaN
179 2025-08-20 10:09:50+00:00           C                    NaN
180 2025-08-20 10:10:00+00:00           A    check | in progress
181 2025-08-20 10:10:00+00:00           B       noted | all good
182 2025-08-20 10:10:00+00:00           C                   copy

[183 rows x 3 columns]
初始化关键词字典评分器...
可用关键词类别:
  - confidence: 分数增量 2, 关键词数量 60
  - hesitation: 分数增量 -2, 关键词数量 42
  - escalation: 分数增量 -3, 关键词数量 44
  - repair: 分数增量 1, 关键词数量 83

关键词评分演示:
  'fail!' -> 类别: None, 分数增量: 0, 最终分数: 60.0
  'looks fine' -> 类别: confidence, 分数增量: 2, 最终分数: 82.0
  'not sure' -> 类别: hesitation, 分数增量: -2, 最终分数: 44.0
  'urgent' -> 类别: escalation, 分数增量: -3, 最终分数: 32.0
  'all good' -> 类别: confidence, 分数增量: 2, 最终分数: 82.0
  'error!' -> 类别: None, 分数增量: 0, 最终分数: 60.0
  'smooth' -> 类别: confidence, 分数增量: 2, 最终分数: 82.0

per_bin                       bin_ts  starts  completes  errors
0  2025-08-20 10:00:20+00:00       1          0       0
1  2025-08-20 10:00:40+00:00       0          1       0
2  2025-08-20 10:00:50+00:00       1          0       0
3  2025-08-20 10:01:00+00:00       0          1       0
4  2025-08-20 10:01:10+00:00       1          0       0
5  2025-08-20 10:01:20+00:00       0          1       0
6  2025-08-20 10:02:10+00:00       1          1       0
7  2025-08-20 10:02:40+00:00       1          0       0
8  2025-08-20 10:03:00+00:00       1          1       0
9  2025-08-20 10:03:10+00:00       1          1       0
10 2025-08-20 10:03:30+00:00       0          1       0
11 2025-08-20 10:03:40+00:00       1          1       0
12 2025-08-20 10:03:50+00:00       1          0       0
13 2025-08-20 10:04:00+00:00       0          1       0
14 2025-08-20 10:04:10+00:00       1          0       0
15 2025-08-20 10:04:30+00:00       1          1       0
16 2025-08-20 10:04:50+00:00       0          1       0
17 2025-08-20 10:05:00+00:00       1          0       0
18 2025-08-20 10:05:20+00:00       0          1       0
19 2025-08-20 10:05:30+00:00       1          0       0
20 2025-08-20 10:05:40+00:00       0          1       0
21 2025-08-20 10:05:50+00:00       1          0       0
22 2025-08-20 10:06:10+00:00       0          1       0
23 2025-08-20 10:06:20+00:00       1          0       0
24 2025-08-20 10:06:40+00:00       1          1       0
25 2025-08-20 10:06:50+00:00       0          1       0
26 2025-08-20 10:07:10+00:00       1          0       0
27 2025-08-20 10:07:30+00:00       0          0       1
28 2025-08-20 10:08:00+00:00       2          1       0
29 2025-08-20 10:08:20+00:00       0          0       1
30 2025-08-20 10:08:40+00:00       1          1       0
31 2025-08-20 10:08:50+00:00       1          1       0
32 2025-08-20 10:09:10+00:00       1          1       0
33 2025-08-20 10:09:40+00:00       1          0       0
34 2025-08-20 10:10:00+00:00       1          1       0
op_df                       bin_ts  starts  completes  errors
0  2025-08-20 10:00:00+00:00     0.0        0.0     0.0
1  2025-08-20 10:00:10+00:00     0.0        0.0     0.0
2  2025-08-20 10:00:20+00:00     1.0        0.0     0.0
3  2025-08-20 10:00:30+00:00     0.0        0.0     0.0
4  2025-08-20 10:00:40+00:00     0.0        1.0     0.0
..                       ...     ...        ...     ...
56 2025-08-20 10:09:20+00:00     0.0        0.0     0.0
57 2025-08-20 10:09:30+00:00     0.0        0.0     0.0
58 2025-08-20 10:09:40+00:00     1.0        0.0     0.0
59 2025-08-20 10:09:50+00:00     0.0        0.0     0.0
60 2025-08-20 10:10:00+00:00     1.0        1.0     0.0

[61 rows x 4 columns]
op_df                       bin_ts  starts  completes  errors
0  2025-08-20 10:00:00+00:00     0.0        0.0     0.0
1  2025-08-20 10:00:10+00:00     0.0        0.0     0.0
2  2025-08-20 10:00:20+00:00     1.0        0.0     0.0
3  2025-08-20 10:00:30+00:00     0.0        0.0     0.0
4  2025-08-20 10:00:40+00:00     0.0        1.0     0.0
..                       ...     ...        ...     ...
56 2025-08-20 10:09:20+00:00     0.0        0.0     0.0
57 2025-08-20 10:09:30+00:00     0.0        0.0     0.0
58 2025-08-20 10:09:40+00:00     1.0        0.0     0.0
59 2025-08-20 10:09:50+00:00     0.0        0.0     0.0
60 2025-08-20 10:10:00+00:00     1.0        1.0     0.0

[61 rows x 4 columns]

Operator A rolling statistics table:
                   bin_ts  starts  completes  errors  starts_roll  completes_roll  errors_roll
2025-08-20 10:00:00+00:00     0.0        0.0     0.0          0.0             0.0          0.0
2025-08-20 10:00:10+00:00     0.0        0.0     0.0          0.0             0.0          0.0
2025-08-20 10:00:20+00:00     1.0        0.0     0.0          1.0             0.0          0.0
2025-08-20 10:00:30+00:00     0.0        0.0     0.0          1.0             0.0          0.0
2025-08-20 10:00:40+00:00     0.0        1.0     0.0          1.0             1.0          0.0
2025-08-20 10:00:50+00:00     1.0        0.0     0.0          2.0             1.0          0.0
2025-08-20 10:01:00+00:00     0.0        1.0     0.0          2.0             2.0          0.0
2025-08-20 10:01:10+00:00     1.0        0.0     0.0          3.0             2.0          0.0
2025-08-20 10:01:20+00:00     0.0        1.0     0.0          2.0             3.0          0.0
2025-08-20 10:01:30+00:00     0.0        0.0     0.0          2.0             3.0          0.0
2025-08-20 10:01:40+00:00     0.0        0.0     0.0          2.0             2.0          0.0
2025-08-20 10:01:50+00:00     0.0        0.0     0.0          1.0             2.0          0.0
2025-08-20 10:02:00+00:00     0.0        0.0     0.0          1.0             1.0          0.0
2025-08-20 10:02:10+00:00     1.0        1.0     0.0          1.0             2.0          0.0
2025-08-20 10:02:20+00:00     0.0        0.0     0.0          1.0             1.0          0.0
2025-08-20 10:02:30+00:00     0.0        0.0     0.0          1.0             1.0          0.0
2025-08-20 10:02:40+00:00     1.0        0.0     0.0          2.0             1.0          0.0
2025-08-20 10:02:50+00:00     0.0        0.0     0.0          2.0             1.0          0.0
2025-08-20 10:03:00+00:00     1.0        1.0     0.0          3.0             2.0          0.0
2025-08-20 10:03:10+00:00     1.0        1.0     0.0          3.0             2.0          0.0
2025-08-20 10:03:20+00:00     0.0        0.0     0.0          3.0             2.0          0.0
2025-08-20 10:03:30+00:00     0.0        1.0     0.0          3.0             3.0          0.0
2025-08-20 10:03:40+00:00     1.0        1.0     0.0          3.0             4.0          0.0
2025-08-20 10:03:50+00:00     1.0        0.0     0.0          4.0             4.0          0.0
2025-08-20 10:04:00+00:00     0.0        1.0     0.0          3.0             4.0          0.0
2025-08-20 10:04:10+00:00     1.0        0.0     0.0          3.0             3.0          0.0
2025-08-20 10:04:20+00:00     0.0        0.0     0.0          3.0             3.0          0.0
2025-08-20 10:04:30+00:00     1.0        1.0     0.0          4.0             3.0          0.0
2025-08-20 10:04:40+00:00     0.0        0.0     0.0          3.0             2.0          0.0
2025-08-20 10:04:50+00:00     0.0        1.0     0.0          2.0             3.0          0.0
2025-08-20 10:05:00+00:00     1.0        0.0     0.0          3.0             2.0          0.0
2025-08-20 10:05:10+00:00     0.0        0.0     0.0          2.0             2.0          0.0
2025-08-20 10:05:20+00:00     0.0        1.0     0.0          2.0             3.0          0.0
2025-08-20 10:05:30+00:00     1.0        0.0     0.0          2.0             2.0          0.0
2025-08-20 10:05:40+00:00     0.0        1.0     0.0          2.0             3.0          0.0
2025-08-20 10:05:50+00:00     1.0        0.0     0.0          3.0             2.0          0.0
2025-08-20 10:06:00+00:00     0.0        0.0     0.0          2.0             2.0          0.0
2025-08-20 10:06:10+00:00     0.0        1.0     0.0          2.0             3.0          0.0
2025-08-20 10:06:20+00:00     1.0        0.0     0.0          3.0             2.0          0.0
2025-08-20 10:06:30+00:00     0.0        0.0     0.0          2.0             2.0          0.0
2025-08-20 10:06:40+00:00     1.0        1.0     0.0          3.0             2.0          0.0
2025-08-20 10:06:50+00:00     0.0        1.0     0.0          2.0             3.0          0.0
2025-08-20 10:07:00+00:00     0.0        0.0     0.0          2.0             3.0          0.0
2025-08-20 10:07:10+00:00     1.0        0.0     0.0          3.0             2.0          0.0
2025-08-20 10:07:20+00:00     0.0        0.0     0.0          2.0             2.0          0.0
2025-08-20 10:07:30+00:00     0.0        0.0     1.0          2.0             2.0          1.0
2025-08-20 10:07:40+00:00     0.0        0.0     0.0          1.0             1.0          1.0
2025-08-20 10:07:50+00:00     0.0        0.0     0.0          1.0             0.0          1.0
2025-08-20 10:08:00+00:00     2.0        1.0     0.0          3.0             1.0          1.0
2025-08-20 10:08:10+00:00     0.0        0.0     0.0          2.0             1.0          1.0
2025-08-20 10:08:20+00:00     0.0        0.0     1.0          2.0             1.0          2.0
2025-08-20 10:08:30+00:00     0.0        0.0     0.0          2.0             1.0          1.0
2025-08-20 10:08:40+00:00     1.0        1.0     0.0          3.0             2.0          1.0
2025-08-20 10:08:50+00:00     1.0        1.0     0.0          4.0             3.0          1.0
2025-08-20 10:09:00+00:00     0.0        0.0     0.0          2.0             2.0          1.0
2025-08-20 10:09:10+00:00     1.0        1.0     0.0          3.0             3.0          1.0
2025-08-20 10:09:20+00:00     0.0        0.0     0.0          3.0             3.0          0.0
2025-08-20 10:09:30+00:00     0.0        0.0     0.0          3.0             3.0          0.0
2025-08-20 10:09:40+00:00     1.0        0.0     0.0          3.0             2.0          0.0
2025-08-20 10:09:50+00:00     0.0        0.0     0.0          2.0             1.0          0.0
2025-08-20 10:10:00+00:00     1.0        1.0     0.0          3.0             2.0          0.0
per_bin                       bin_ts  starts  completes  errors
0  2025-08-20 10:00:10+00:00       1          0       0
1  2025-08-20 10:00:50+00:00       0          0       1
2  2025-08-20 10:01:10+00:00       1          0       0
3  2025-08-20 10:01:20+00:00       0          1       0
4  2025-08-20 10:01:40+00:00       1          0       0
5  2025-08-20 10:01:50+00:00       1          1       0
6  2025-08-20 10:02:00+00:00       0          0       1
7  2025-08-20 10:02:10+00:00       1          0       0
8  2025-08-20 10:02:20+00:00       0          1       0
9  2025-08-20 10:03:00+00:00       1          0       0
10 2025-08-20 10:03:20+00:00       0          1       0
11 2025-08-20 10:03:50+00:00       1          0       0
12 2025-08-20 10:04:10+00:00       0          0       1
13 2025-08-20 10:04:20+00:00       1          1       0
14 2025-08-20 10:04:30+00:00       1          0       0
15 2025-08-20 10:05:10+00:00       1          0       1
16 2025-08-20 10:05:20+00:00       0          1       0
17 2025-08-20 10:05:40+00:00       1          0       0
18 2025-08-20 10:06:00+00:00       0          1       0
19 2025-08-20 10:06:10+00:00       1          0       0
20 2025-08-20 10:06:20+00:00       0          1       0
21 2025-08-20 10:06:30+00:00       1          0       1
22 2025-08-20 10:06:40+00:00       1          0       0
23 2025-08-20 10:06:50+00:00       0          1       0
24 2025-08-20 10:07:00+00:00       1          0       0
25 2025-08-20 10:07:10+00:00       0          1       0
26 2025-08-20 10:07:20+00:00       1          1       0
27 2025-08-20 10:07:40+00:00       1          0       1
28 2025-08-20 10:08:10+00:00       1          0       0
29 2025-08-20 10:08:30+00:00       1          2       0
30 2025-08-20 10:09:00+00:00       1          0       0
31 2025-08-20 10:09:20+00:00       0          0       1
32 2025-08-20 10:09:30+00:00       1          0       0
33 2025-08-20 10:09:40+00:00       0          1       0
op_df                       bin_ts  starts  completes  errors
0  2025-08-20 10:00:00+00:00     0.0        0.0     0.0
1  2025-08-20 10:00:10+00:00     1.0        0.0     0.0
2  2025-08-20 10:00:20+00:00     0.0        0.0     0.0
3  2025-08-20 10:00:30+00:00     0.0        0.0     0.0
4  2025-08-20 10:00:40+00:00     0.0        0.0     0.0
..                       ...     ...        ...     ...
56 2025-08-20 10:09:20+00:00     0.0        0.0     1.0
57 2025-08-20 10:09:30+00:00     1.0        0.0     0.0
58 2025-08-20 10:09:40+00:00     0.0        1.0     0.0
59 2025-08-20 10:09:50+00:00     0.0        0.0     0.0
60 2025-08-20 10:10:00+00:00     0.0        0.0     0.0

[61 rows x 4 columns]
op_df                       bin_ts  starts  completes  errors
0  2025-08-20 10:00:00+00:00     0.0        0.0     0.0
1  2025-08-20 10:00:10+00:00     1.0        0.0     0.0
2  2025-08-20 10:00:20+00:00     0.0        0.0     0.0
3  2025-08-20 10:00:30+00:00     0.0        0.0     0.0
4  2025-08-20 10:00:40+00:00     0.0        0.0     0.0
..                       ...     ...        ...     ...
56 2025-08-20 10:09:20+00:00     0.0        0.0     1.0
57 2025-08-20 10:09:30+00:00     1.0        0.0     0.0
58 2025-08-20 10:09:40+00:00     0.0        1.0     0.0
59 2025-08-20 10:09:50+00:00     0.0        0.0     0.0
60 2025-08-20 10:10:00+00:00     0.0        0.0     0.0

[61 rows x 4 columns]

Operator B rolling statistics table:
                   bin_ts  starts  completes  errors  starts_roll  completes_roll  errors_roll
2025-08-20 10:00:00+00:00     0.0        0.0     0.0          0.0             0.0          0.0
2025-08-20 10:00:10+00:00     1.0        0.0     0.0          1.0             0.0          0.0
2025-08-20 10:00:20+00:00     0.0        0.0     0.0          1.0             0.0          0.0
2025-08-20 10:00:30+00:00     0.0        0.0     0.0          1.0             0.0          0.0
2025-08-20 10:00:40+00:00     0.0        0.0     0.0          1.0             0.0          0.0
2025-08-20 10:00:50+00:00     0.0        0.0     1.0          1.0             0.0          1.0
2025-08-20 10:01:00+00:00     0.0        0.0     0.0          1.0             0.0          1.0
2025-08-20 10:01:10+00:00     1.0        0.0     0.0          1.0             0.0          1.0
2025-08-20 10:01:20+00:00     0.0        1.0     0.0          1.0             1.0          1.0
2025-08-20 10:01:30+00:00     0.0        0.0     0.0          1.0             1.0          1.0
2025-08-20 10:01:40+00:00     1.0        0.0     0.0          2.0             1.0          1.0
2025-08-20 10:01:50+00:00     1.0        1.0     0.0          3.0             2.0          0.0
2025-08-20 10:02:00+00:00     0.0        0.0     1.0          3.0             2.0          1.0
2025-08-20 10:02:10+00:00     1.0        0.0     0.0          3.0             2.0          1.0
2025-08-20 10:02:20+00:00     0.0        1.0     0.0          3.0             2.0          1.0
2025-08-20 10:02:30+00:00     0.0        0.0     0.0          3.0             2.0          1.0
2025-08-20 10:02:40+00:00     0.0        0.0     0.0          2.0             2.0          1.0
2025-08-20 10:02:50+00:00     0.0        0.0     0.0          1.0             1.0          1.0
2025-08-20 10:03:00+00:00     1.0        0.0     0.0          2.0             1.0          0.0
2025-08-20 10:03:10+00:00     0.0        0.0     0.0          1.0             1.0          0.0
2025-08-20 10:03:20+00:00     0.0        1.0     0.0          1.0             1.0          0.0
2025-08-20 10:03:30+00:00     0.0        0.0     0.0          1.0             1.0          0.0
2025-08-20 10:03:40+00:00     0.0        0.0     0.0          1.0             1.0          0.0
2025-08-20 10:03:50+00:00     1.0        0.0     0.0          2.0             1.0          0.0
2025-08-20 10:04:00+00:00     0.0        0.0     0.0          1.0             1.0          0.0
2025-08-20 10:04:10+00:00     0.0        0.0     1.0          1.0             1.0          1.0
2025-08-20 10:04:20+00:00     1.0        1.0     0.0          2.0             1.0          1.0
2025-08-20 10:04:30+00:00     1.0        0.0     0.0          3.0             1.0          1.0
2025-08-20 10:04:40+00:00     0.0        0.0     0.0          3.0             1.0          1.0
2025-08-20 10:04:50+00:00     0.0        0.0     0.0          2.0             1.0          1.0
2025-08-20 10:05:00+00:00     0.0        0.0     0.0          2.0             1.0          1.0
2025-08-20 10:05:10+00:00     1.0        0.0     1.0          3.0             1.0          1.0
2025-08-20 10:05:20+00:00     0.0        1.0     0.0          2.0             1.0          1.0
2025-08-20 10:05:30+00:00     0.0        0.0     0.0          1.0             1.0          1.0
2025-08-20 10:05:40+00:00     1.0        0.0     0.0          2.0             1.0          1.0
2025-08-20 10:05:50+00:00     0.0        0.0     0.0          2.0             1.0          1.0
2025-08-20 10:06:00+00:00     0.0        1.0     0.0          2.0             2.0          1.0
2025-08-20 10:06:10+00:00     1.0        0.0     0.0          2.0             2.0          0.0
2025-08-20 10:06:20+00:00     0.0        1.0     0.0          2.0             2.0          0.0
2025-08-20 10:06:30+00:00     1.0        0.0     1.0          3.0             2.0          1.0
2025-08-20 10:06:40+00:00     1.0        0.0     0.0          3.0             2.0          1.0
2025-08-20 10:06:50+00:00     0.0        1.0     0.0          3.0             3.0          1.0
2025-08-20 10:07:00+00:00     1.0        0.0     0.0          4.0             2.0          1.0
2025-08-20 10:07:10+00:00     0.0        1.0     0.0          3.0             3.0          1.0
2025-08-20 10:07:20+00:00     1.0        1.0     0.0          4.0             3.0          1.0
2025-08-20 10:07:30+00:00     0.0        0.0     0.0          3.0             3.0          0.0
2025-08-20 10:07:40+00:00     1.0        0.0     1.0          3.0             3.0          1.0
2025-08-20 10:07:50+00:00     0.0        0.0     0.0          3.0             2.0          1.0
2025-08-20 10:08:00+00:00     0.0        0.0     0.0          2.0             2.0          1.0
2025-08-20 10:08:10+00:00     1.0        0.0     0.0          3.0             1.0          1.0
2025-08-20 10:08:20+00:00     0.0        0.0     0.0          2.0             0.0          1.0
2025-08-20 10:08:30+00:00     1.0        2.0     0.0          3.0             2.0          1.0
2025-08-20 10:08:40+00:00     0.0        0.0     0.0          2.0             2.0          0.0
2025-08-20 10:08:50+00:00     0.0        0.0     0.0          2.0             2.0          0.0
2025-08-20 10:09:00+00:00     1.0        0.0     0.0          3.0             2.0          0.0
2025-08-20 10:09:10+00:00     0.0        0.0     0.0          2.0             2.0          0.0
2025-08-20 10:09:20+00:00     0.0        0.0     1.0          2.0             2.0          1.0
2025-08-20 10:09:30+00:00     1.0        0.0     0.0          2.0             0.0          1.0
2025-08-20 10:09:40+00:00     0.0        1.0     0.0          2.0             1.0          1.0
2025-08-20 10:09:50+00:00     0.0        0.0     0.0          2.0             1.0          1.0
2025-08-20 10:10:00+00:00     0.0        0.0     0.0          1.0             1.0          1.0
per_bin                       bin_ts  starts  completes  errors
0  2025-08-20 10:00:30+00:00       1          0       1
1  2025-08-20 10:00:40+00:00       1          0       0
2  2025-08-20 10:00:50+00:00       0          1       0
3  2025-08-20 10:01:30+00:00       1          1       0
4  2025-08-20 10:01:40+00:00       1          0       0
5  2025-08-20 10:02:10+00:00       0          1       0
6  2025-08-20 10:02:30+00:00       1          0       0
7  2025-08-20 10:02:40+00:00       0          0       1
8  2025-08-20 10:02:50+00:00       1          0       0
9  2025-08-20 10:03:20+00:00       0          0       1
10 2025-08-20 10:03:40+00:00       1          0       0
11 2025-08-20 10:04:00+00:00       0          0       1
12 2025-08-20 10:04:40+00:00       1          0       0
13 2025-08-20 10:04:50+00:00       0          1       0
14 2025-08-20 10:05:10+00:00       1          0       0
15 2025-08-20 10:05:20+00:00       0          1       0
16 2025-08-20 10:05:50+00:00       1          1       0
17 2025-08-20 10:06:20+00:00       1          0       0
18 2025-08-20 10:06:30+00:00       0          1       0
19 2025-08-20 10:06:40+00:00       1          0       0
20 2025-08-20 10:07:00+00:00       0          1       0
21 2025-08-20 10:07:10+00:00       1          0       0
22 2025-08-20 10:07:40+00:00       0          1       0
23 2025-08-20 10:07:50+00:00       1          0       0
24 2025-08-20 10:08:10+00:00       0          1       0
25 2025-08-20 10:08:40+00:00       1          0       0
26 2025-08-20 10:09:50+00:00       1          1       0
op_df                       bin_ts  starts  completes  errors
0  2025-08-20 10:00:00+00:00     0.0        0.0     0.0
1  2025-08-20 10:00:10+00:00     0.0        0.0     0.0
2  2025-08-20 10:00:20+00:00     0.0        0.0     0.0
3  2025-08-20 10:00:30+00:00     1.0        0.0     1.0
4  2025-08-20 10:00:40+00:00     1.0        0.0     0.0
..                       ...     ...        ...     ...
56 2025-08-20 10:09:20+00:00     0.0        0.0     0.0
57 2025-08-20 10:09:30+00:00     0.0        0.0     0.0
58 2025-08-20 10:09:40+00:00     0.0        0.0     0.0
59 2025-08-20 10:09:50+00:00     1.0        1.0     0.0
60 2025-08-20 10:10:00+00:00     0.0        0.0     0.0

[61 rows x 4 columns]
op_df                       bin_ts  starts  completes  errors
0  2025-08-20 10:00:00+00:00     0.0        0.0     0.0
1  2025-08-20 10:00:10+00:00     0.0        0.0     0.0
2  2025-08-20 10:00:20+00:00     0.0        0.0     0.0
3  2025-08-20 10:00:30+00:00     1.0        0.0     1.0
4  2025-08-20 10:00:40+00:00     1.0        0.0     0.0
..                       ...     ...        ...     ...
56 2025-08-20 10:09:20+00:00     0.0        0.0     0.0
57 2025-08-20 10:09:30+00:00     0.0        0.0     0.0
58 2025-08-20 10:09:40+00:00     0.0        0.0     0.0
59 2025-08-20 10:09:50+00:00     1.0        1.0     0.0
60 2025-08-20 10:10:00+00:00     0.0        0.0     0.0

[61 rows x 4 columns]

Operator C rolling statistics table:
                   bin_ts  starts  completes  errors  starts_roll  completes_roll  errors_roll
2025-08-20 10:00:00+00:00     0.0        0.0     0.0          0.0             0.0          0.0
2025-08-20 10:00:10+00:00     0.0        0.0     0.0          0.0             0.0          0.0
2025-08-20 10:00:20+00:00     0.0        0.0     0.0          0.0             0.0          0.0
2025-08-20 10:00:30+00:00     1.0        0.0     1.0          1.0             0.0          1.0
2025-08-20 10:00:40+00:00     1.0        0.0     0.0          2.0             0.0          1.0
2025-08-20 10:00:50+00:00     0.0        1.0     0.0          2.0             1.0          1.0
2025-08-20 10:01:00+00:00     0.0        0.0     0.0          2.0             1.0          1.0
2025-08-20 10:01:10+00:00     0.0        0.0     0.0          2.0             1.0          1.0
2025-08-20 10:01:20+00:00     0.0        0.0     0.0          2.0             1.0          1.0
2025-08-20 10:01:30+00:00     1.0        1.0     0.0          2.0             2.0          0.0
2025-08-20 10:01:40+00:00     1.0        0.0     0.0          2.0             2.0          0.0
2025-08-20 10:01:50+00:00     0.0        0.0     0.0          2.0             1.0          0.0
2025-08-20 10:02:00+00:00     0.0        0.0     0.0          2.0             1.0          0.0
2025-08-20 10:02:10+00:00     0.0        1.0     0.0          2.0             2.0          0.0
2025-08-20 10:02:20+00:00     0.0        0.0     0.0          2.0             2.0          0.0
2025-08-20 10:02:30+00:00     1.0        0.0     0.0          2.0             1.0          0.0
2025-08-20 10:02:40+00:00     0.0        0.0     1.0          1.0             1.0          1.0
2025-08-20 10:02:50+00:00     1.0        0.0     0.0          2.0             1.0          1.0
2025-08-20 10:03:00+00:00     0.0        0.0     0.0          2.0             1.0          1.0
2025-08-20 10:03:10+00:00     0.0        0.0     0.0          2.0             0.0          1.0
2025-08-20 10:03:20+00:00     0.0        0.0     1.0          2.0             0.0          2.0
2025-08-20 10:03:30+00:00     0.0        0.0     0.0          1.0             0.0          2.0
2025-08-20 10:03:40+00:00     1.0        0.0     0.0          2.0             0.0          1.0
2025-08-20 10:03:50+00:00     0.0        0.0     0.0          1.0             0.0          1.0
2025-08-20 10:04:00+00:00     0.0        0.0     1.0          1.0             0.0          2.0
2025-08-20 10:04:10+00:00     0.0        0.0     0.0          1.0             0.0          2.0
2025-08-20 10:04:20+00:00     0.0        0.0     0.0          1.0             0.0          1.0
2025-08-20 10:04:30+00:00     0.0        0.0     0.0          1.0             0.0          1.0
2025-08-20 10:04:40+00:00     1.0        0.0     0.0          1.0             0.0          1.0
2025-08-20 10:04:50+00:00     0.0        1.0     0.0          1.0             1.0          1.0
2025-08-20 10:05:00+00:00     0.0        0.0     0.0          1.0             1.0          0.0
2025-08-20 10:05:10+00:00     1.0        0.0     0.0          2.0             1.0          0.0
2025-08-20 10:05:20+00:00     0.0        1.0     0.0          2.0             2.0          0.0
2025-08-20 10:05:30+00:00     0.0        0.0     0.0          2.0             2.0          0.0
2025-08-20 10:05:40+00:00     0.0        0.0     0.0          1.0             2.0          0.0
2025-08-20 10:05:50+00:00     1.0        1.0     0.0          2.0             2.0          0.0
2025-08-20 10:06:00+00:00     0.0        0.0     0.0          2.0             2.0          0.0
2025-08-20 10:06:10+00:00     0.0        0.0     0.0          1.0             2.0          0.0
2025-08-20 10:06:20+00:00     1.0        0.0     0.0          2.0             1.0          0.0
2025-08-20 10:06:30+00:00     0.0        1.0     0.0          2.0             2.0          0.0
2025-08-20 10:06:40+00:00     1.0        0.0     0.0          3.0             2.0          0.0
2025-08-20 10:06:50+00:00     0.0        0.0     0.0          2.0             1.0          0.0
2025-08-20 10:07:00+00:00     0.0        1.0     0.0          2.0             2.0          0.0
2025-08-20 10:07:10+00:00     1.0        0.0     0.0          3.0             2.0          0.0
2025-08-20 10:07:20+00:00     0.0        0.0     0.0          2.0             2.0          0.0
2025-08-20 10:07:30+00:00     0.0        0.0     0.0          2.0             1.0          0.0
2025-08-20 10:07:40+00:00     0.0        1.0     0.0          1.0             2.0          0.0
2025-08-20 10:07:50+00:00     1.0        0.0     0.0          2.0             2.0          0.0
2025-08-20 10:08:00+00:00     0.0        0.0     0.0          2.0             1.0          0.0
2025-08-20 10:08:10+00:00     0.0        1.0     0.0          1.0             2.0          0.0
2025-08-20 10:08:20+00:00     0.0        0.0     0.0          1.0             2.0          0.0
2025-08-20 10:08:30+00:00     0.0        0.0     0.0          1.0             2.0          0.0
2025-08-20 10:08:40+00:00     1.0        0.0     0.0          2.0             1.0          0.0
2025-08-20 10:08:50+00:00     0.0        0.0     0.0          1.0             1.0          0.0
2025-08-20 10:09:00+00:00     0.0        0.0     0.0          1.0             1.0          0.0
2025-08-20 10:09:10+00:00     0.0        0.0     0.0          1.0             0.0          0.0
2025-08-20 10:09:20+00:00     0.0        0.0     0.0          1.0             0.0          0.0
2025-08-20 10:09:30+00:00     0.0        0.0     0.0          1.0             0.0          0.0
2025-08-20 10:09:40+00:00     0.0        0.0     0.0          0.0             0.0          0.0
2025-08-20 10:09:50+00:00     1.0        1.0     0.0          1.0             1.0          0.0
2025-08-20 10:10:00+00:00     0.0        0.0     0.0          1.0             1.0          0.0
Wrote all.csv
